<?xml version="1.0" encoding="UTF-8"?>
<testsuite name="com.swiftpot.projectuknown.ProjectUknownApplicationTests" tests="1" skipped="0" failures="0" errors="0" timestamp="2016-09-01T19:47:58" hostname="ACE" time="0.081">
  <properties/>
  <testcase name="contextLoads" classname="com.swiftpot.projectuknown.ProjectUknownApplicationTests" time="0.081"/>
  <system-out><![CDATA[19:47:27.020 [Test worker] DEBUG org.springframework.test.context.junit4.SpringJUnit4ClassRunner - SpringJUnit4ClassRunner constructor called with [class com.swiftpot.projectuknown.ProjectUknownApplicationTests]
19:47:27.042 [Test worker] DEBUG org.springframework.test.context.BootstrapUtils - Instantiating CacheAwareContextLoaderDelegate from class [org.springframework.test.context.cache.DefaultCacheAwareContextLoaderDelegate]
19:47:27.073 [Test worker] DEBUG org.springframework.test.context.BootstrapUtils - Instantiating BootstrapContext using constructor [public org.springframework.test.context.support.DefaultBootstrapContext(java.lang.Class,org.springframework.test.context.CacheAwareContextLoaderDelegate)]
19:47:27.166 [Test worker] DEBUG org.springframework.test.context.BootstrapUtils - Instantiating TestContextBootstrapper for test class [com.swiftpot.projectuknown.ProjectUknownApplicationTests] from class [org.springframework.boot.test.context.SpringBootTestContextBootstrapper]
19:47:27.250 [Test worker] INFO org.springframework.boot.test.context.SpringBootTestContextBootstrapper - Neither @ContextConfiguration nor @ContextHierarchy found for test class [com.swiftpot.projectuknown.ProjectUknownApplicationTests], using SpringBootContextLoader
19:47:27.268 [Test worker] DEBUG org.springframework.test.context.support.AbstractContextLoader - Did not detect default resource location for test class [com.swiftpot.projectuknown.ProjectUknownApplicationTests]: class path resource [com/swiftpot/projectuknown/ProjectUknownApplicationTests-context.xml] does not exist
19:47:27.270 [Test worker] DEBUG org.springframework.test.context.support.AbstractContextLoader - Did not detect default resource location for test class [com.swiftpot.projectuknown.ProjectUknownApplicationTests]: class path resource [com/swiftpot/projectuknown/ProjectUknownApplicationTestsContext.groovy] does not exist
19:47:27.272 [Test worker] INFO org.springframework.test.context.support.AbstractContextLoader - Could not detect default resource locations for test class [com.swiftpot.projectuknown.ProjectUknownApplicationTests]: no resource found for suffixes {-context.xml, Context.groovy}.
19:47:27.276 [Test worker] INFO org.springframework.test.context.support.AnnotationConfigContextLoaderUtils - Could not detect default configuration classes for test class [com.swiftpot.projectuknown.ProjectUknownApplicationTests]: ProjectUknownApplicationTests does not declare any static, non-private, non-final, nested classes annotated with @Configuration.
19:47:27.426 [Test worker] DEBUG org.springframework.test.context.support.ActiveProfilesUtils - Could not find an 'annotation declaring class' for annotation type [org.springframework.test.context.ActiveProfiles] and class [com.swiftpot.projectuknown.ProjectUknownApplicationTests]
19:47:27.687 [Test worker] DEBUG org.springframework.core.env.StandardEnvironment - Adding [systemProperties] PropertySource with lowest search precedence
19:47:27.692 [Test worker] DEBUG org.springframework.core.env.StandardEnvironment - Adding [systemEnvironment] PropertySource with lowest search precedence
19:47:27.694 [Test worker] DEBUG org.springframework.core.env.StandardEnvironment - Initialized StandardEnvironment with PropertySources [systemProperties,systemEnvironment]
19:47:27.739 [Test worker] DEBUG org.springframework.core.io.support.PathMatchingResourcePatternResolver - Resolved classpath location [com/swiftpot/projectuknown/] to resources [URL [file:/C:/SpringApps/ProjectUknown/build/classes/test/com/swiftpot/projectuknown/], URL [file:/C:/SpringApps/ProjectUknown/build/classes/main/com/swiftpot/projectuknown/]]
19:47:27.741 [Test worker] DEBUG org.springframework.core.io.support.PathMatchingResourcePatternResolver - Looking for matching resources in directory tree [C:\SpringApps\ProjectUknown\build\classes\test\com\swiftpot\projectuknown]
19:47:27.743 [Test worker] DEBUG org.springframework.core.io.support.PathMatchingResourcePatternResolver - Searching directory [C:\SpringApps\ProjectUknown\build\classes\test\com\swiftpot\projectuknown] for files matching pattern [C:/SpringApps/ProjectUknown/build/classes/test/com/swiftpot/projectuknown/*.class]
19:47:27.771 [Test worker] DEBUG org.springframework.core.io.support.PathMatchingResourcePatternResolver - Looking for matching resources in directory tree [C:\SpringApps\ProjectUknown\build\classes\main\com\swiftpot\projectuknown]
19:47:27.773 [Test worker] DEBUG org.springframework.core.io.support.PathMatchingResourcePatternResolver - Searching directory [C:\SpringApps\ProjectUknown\build\classes\main\com\swiftpot\projectuknown] for files matching pattern [C:/SpringApps/ProjectUknown/build/classes/main/com/swiftpot/projectuknown/*.class]
19:47:27.777 [Test worker] DEBUG org.springframework.core.io.support.PathMatchingResourcePatternResolver - Resolved location pattern [classpath*:com/swiftpot/projectuknown/*.class] to resources [file [C:\SpringApps\ProjectUknown\build\classes\test\com\swiftpot\projectuknown\ProjectUknownApplicationTests.class], file [C:\SpringApps\ProjectUknown\build\classes\main\com\swiftpot\projectuknown\ProjectUknownApplication.class]]
19:47:27.991 [Test worker] DEBUG org.springframework.context.annotation.ClassPathScanningCandidateComponentProvider - Identified candidate component class: file [C:\SpringApps\ProjectUknown\build\classes\main\com\swiftpot\projectuknown\ProjectUknownApplication.class]
19:47:27.999 [Test worker] INFO org.springframework.boot.test.context.SpringBootTestContextBootstrapper - Found @SpringBootConfiguration com.swiftpot.projectuknown.ProjectUknownApplication for test class com.swiftpot.projectuknown.ProjectUknownApplicationTests
19:47:28.014 [Test worker] DEBUG org.springframework.boot.test.context.SpringBootTestContextBootstrapper - @TestExecutionListeners is not present for class [com.swiftpot.projectuknown.ProjectUknownApplicationTests]: using defaults.
19:47:28.028 [Test worker] INFO org.springframework.boot.test.context.SpringBootTestContextBootstrapper - Loaded default TestExecutionListener class names from location [META-INF/spring.factories]: [org.springframework.boot.test.mock.mockito.MockitoTestExecutionListener, org.springframework.boot.test.mock.mockito.ResetMocksTestExecutionListener, org.springframework.boot.test.autoconfigure.AutoConfigureReportTestExecutionListener, org.springframework.boot.test.autoconfigure.restdocs.RestDocsTestExecutionListener, org.springframework.boot.test.autoconfigure.web.client.MockRestServiceServerResetTestExecutionListener, org.springframework.test.context.web.ServletTestExecutionListener, org.springframework.test.context.support.DirtiesContextBeforeModesTestExecutionListener, org.springframework.test.context.support.DependencyInjectionTestExecutionListener, org.springframework.test.context.support.DirtiesContextTestExecutionListener, org.springframework.test.context.transaction.TransactionalTestExecutionListener, org.springframework.test.context.jdbc.SqlScriptsTestExecutionListener]
19:47:28.081 [Test worker] INFO org.springframework.boot.test.context.SpringBootTestContextBootstrapper - Using TestExecutionListeners: [org.springframework.test.context.web.ServletTestExecutionListener@63e7e640, org.springframework.test.context.support.DirtiesContextBeforeModesTestExecutionListener@3f3d5145, org.springframework.boot.test.autoconfigure.AutoConfigureReportTestExecutionListener@25b3dd19, org.springframework.test.context.support.DependencyInjectionTestExecutionListener@55a2683f, org.springframework.test.context.support.DirtiesContextTestExecutionListener@92b412d, org.springframework.test.context.transaction.TransactionalTestExecutionListener@5c499e34, org.springframework.test.context.jdbc.SqlScriptsTestExecutionListener@67a9dbb1, org.springframework.boot.test.mock.mockito.MockitoTestExecutionListener@218cb4eb, org.springframework.boot.test.autoconfigure.restdocs.RestDocsTestExecutionListener@727dbbde, org.springframework.boot.test.autoconfigure.web.client.MockRestServiceServerResetTestExecutionListener@62d5239b, org.springframework.boot.test.mock.mockito.ResetMocksTestExecutionListener@4b081823]
19:47:28.097 [Test worker] DEBUG org.springframework.test.annotation.ProfileValueUtils - Retrieved @ProfileValueSourceConfiguration [null] for test class [com.swiftpot.projectuknown.ProjectUknownApplicationTests]
19:47:28.100 [Test worker] DEBUG org.springframework.test.annotation.ProfileValueUtils - Retrieved ProfileValueSource type [class org.springframework.test.annotation.SystemProfileValueSource] for class [com.swiftpot.projectuknown.ProjectUknownApplicationTests]
19:47:28.105 [Test worker] DEBUG org.springframework.test.annotation.ProfileValueUtils - Retrieved @ProfileValueSourceConfiguration [null] for test class [com.swiftpot.projectuknown.ProjectUknownApplicationTests]
19:47:28.107 [Test worker] DEBUG org.springframework.test.annotation.ProfileValueUtils - Retrieved ProfileValueSource type [class org.springframework.test.annotation.SystemProfileValueSource] for class [com.swiftpot.projectuknown.ProjectUknownApplicationTests]
19:47:28.130 [Test worker] DEBUG org.springframework.test.context.support.AbstractDirtiesContextTestExecutionListener - Before test class: context [DefaultTestContext@f1dd83e testClass = ProjectUknownApplicationTests, testInstance = [null], testMethod = [null], testException = [null], mergedContextConfiguration = [WebMergedContextConfiguration@4caedbf5 testClass = ProjectUknownApplicationTests, locations = '{}', classes = '{class com.swiftpot.projectuknown.ProjectUknownApplication}', contextInitializerClasses = '[]', activeProfiles = '{}', propertySourceLocations = '{}', propertySourceProperties = '{org.springframework.boot.test.context.SpringBootTestContextBootstrapper=true}', contextCustomizers = set[org.springframework.boot.test.context.SpringBootTestContextCustomizer@42273d94, org.springframework.boot.test.context.filter.ExcludeFilterContextCustomizer@3b12e320, org.springframework.boot.test.mock.mockito.MockitoContextCustomizer@0, org.springframework.boot.test.autoconfigure.properties.PropertyMappingContextCustomizer@0], resourceBasePath = 'src/main/webapp', contextLoader = 'org.springframework.boot.test.context.SpringBootContextLoader', parent = [null]]], class annotated with @DirtiesContext [false] with mode [null].
19:47:28.134 [Test worker] DEBUG org.springframework.test.annotation.ProfileValueUtils - Retrieved @ProfileValueSourceConfiguration [null] for test class [com.swiftpot.projectuknown.ProjectUknownApplicationTests]
19:47:28.134 [Test worker] DEBUG org.springframework.test.annotation.ProfileValueUtils - Retrieved ProfileValueSource type [class org.springframework.test.annotation.SystemProfileValueSource] for class [com.swiftpot.projectuknown.ProjectUknownApplicationTests]
19:47:28.278 [Test worker] DEBUG org.springframework.core.env.StandardEnvironment - Adding [systemProperties] PropertySource with lowest search precedence
19:47:28.278 [Test worker] DEBUG org.springframework.core.env.StandardEnvironment - Adding [systemEnvironment] PropertySource with lowest search precedence
19:47:28.279 [Test worker] DEBUG org.springframework.core.env.StandardEnvironment - Initialized StandardEnvironment with PropertySources [systemProperties,systemEnvironment]
19:47:28.283 [Test worker] DEBUG org.springframework.test.context.support.TestPropertySourceUtils - Adding inlined properties to environment: {spring.jmx.enabled=false, org.springframework.boot.test.context.SpringBootTestContextBootstrapper=true, server.port=-1}
19:47:28.285 [Test worker] DEBUG org.springframework.core.env.StandardEnvironment - Adding [Inlined Test Properties] PropertySource with highest search precedence

  .   ____          _            __ _ _
 /\\ / ___'_ __ _ _(_)_ __  __ _ \ \ \ \
( ( )\___ | '_ | '_| | '_ \/ _` | \ \ \ \
 \\/  ___)| |_)| | | | | || (_| |  ) ) ) )
  '  |____| .__|_| |_|_| |_\__, | / / / /
 =========|_|==============|___/=/_/_/_/
 :: Spring Boot ::        (v1.4.0.RELEASE)

2016-09-01 19:47:30.326  INFO 12292 --- [    Test worker] c.s.p.ProjectUknownApplicationTests      : Starting ProjectUknownApplicationTests on ACE with PID 12292 (started by Rodney in C:\SpringApps\ProjectUknown)
2016-09-01 19:47:30.330  INFO 12292 --- [    Test worker] c.s.p.ProjectUknownApplicationTests      : No active profile set, falling back to default profiles: default
2016-09-01 19:47:30.527  INFO 12292 --- [    Test worker] o.s.w.c.s.GenericWebApplicationContext   : Refreshing org.springframework.web.context.support.GenericWebApplicationContext@661262: startup date [Thu Sep 01 19:47:30 GMT 2016]; root of context hierarchy
2016-09-01 19:47:47.707  INFO 12292 --- [    Test worker] s.w.s.m.m.a.RequestMappingHandlerAdapter : Looking for @ControllerAdvice: org.springframework.web.context.support.GenericWebApplicationContext@661262: startup date [Thu Sep 01 19:47:30 GMT 2016]; root of context hierarchy
2016-09-01 19:47:48.231  INFO 12292 --- [    Test worker] s.w.s.m.m.a.RequestMappingHandlerMapping : Mapped "{[/error]}" onto public org.springframework.http.ResponseEntity<java.util.Map<java.lang.String, java.lang.Object>> org.springframework.boot.autoconfigure.web.BasicErrorController.error(javax.servlet.http.HttpServletRequest)
2016-09-01 19:47:48.236  INFO 12292 --- [    Test worker] s.w.s.m.m.a.RequestMappingHandlerMapping : Mapped "{[/error],produces=[text/html]}" onto public org.springframework.web.servlet.ModelAndView org.springframework.boot.autoconfigure.web.BasicErrorController.errorHtml(javax.servlet.http.HttpServletRequest,javax.servlet.http.HttpServletResponse)
2016-09-01 19:47:48.464  INFO 12292 --- [    Test worker] o.s.w.s.handler.SimpleUrlHandlerMapping  : Mapped URL path [/webjars/**] onto handler of type [class org.springframework.web.servlet.resource.ResourceHttpRequestHandler]
2016-09-01 19:47:48.465  INFO 12292 --- [    Test worker] o.s.w.s.handler.SimpleUrlHandlerMapping  : Mapped URL path [/**] onto handler of type [class org.springframework.web.servlet.resource.ResourceHttpRequestHandler]
2016-09-01 19:47:48.898  INFO 12292 --- [    Test worker] o.s.w.s.handler.SimpleUrlHandlerMapping  : Mapped URL path [/**/favicon.ico] onto handler of type [class org.springframework.web.servlet.resource.ResourceHttpRequestHandler]
2016-09-01 19:47:53.937  INFO 12292 --- [    Test worker] org.mongodb.driver.cluster               : Cluster created with settings {hosts=[localhost:27017], mode=SINGLE, requiredClusterType=UNKNOWN, serverSelectionTimeout='30000 ms', maxWaitQueueSize=500}
2016-09-01 19:47:55.057  INFO 12292 --- [localhost:27017] org.mongodb.driver.cluster               : Exception in monitor thread while connecting to server localhost:27017

com.mongodb.MongoSocketOpenException: Exception opening socket
	at com.mongodb.connection.SocketStream.open(SocketStream.java:63) ~[mongodb-driver-core-3.2.2.jar:na]
	at com.mongodb.connection.InternalStreamConnection.open(InternalStreamConnection.java:114) ~[mongodb-driver-core-3.2.2.jar:na]
	at com.mongodb.connection.DefaultServerMonitor$ServerMonitorRunnable.run(DefaultServerMonitor.java:128) ~[mongodb-driver-core-3.2.2.jar:na]
	at java.lang.Thread.run(Thread.java:745) [na:1.8.0_20]
Caused by: java.net.ConnectException: Connection refused: connect
	at java.net.DualStackPlainSocketImpl.waitForConnect(Native Method) ~[na:1.8.0_20]
	at java.net.DualStackPlainSocketImpl.socketConnect(DualStackPlainSocketImpl.java:85) ~[na:1.8.0_20]
	at java.net.AbstractPlainSocketImpl.doConnect(AbstractPlainSocketImpl.java:345) ~[na:1.8.0_20]
	at java.net.AbstractPlainSocketImpl.connectToAddress(AbstractPlainSocketImpl.java:206) ~[na:1.8.0_20]
	at java.net.AbstractPlainSocketImpl.connect(AbstractPlainSocketImpl.java:188) ~[na:1.8.0_20]
	at java.net.PlainSocketImpl.connect(PlainSocketImpl.java:172) ~[na:1.8.0_20]
	at java.net.SocksSocketImpl.connect(SocksSocketImpl.java:392) ~[na:1.8.0_20]
	at java.net.Socket.connect(Socket.java:589) ~[na:1.8.0_20]
	at com.mongodb.connection.SocketStreamHelper.initialize(SocketStreamHelper.java:50) ~[mongodb-driver-core-3.2.2.jar:na]
	at com.mongodb.connection.SocketStream.open(SocketStream.java:58) ~[mongodb-driver-core-3.2.2.jar:na]
	... 3 common frames omitted

2016-09-01 19:47:55.843  INFO 12292 --- [    Test worker] b.a.s.AuthenticationManagerConfiguration : 

Using default security password: 3edea4d8-a37c-433a-822b-48112967cdcf

2016-09-01 19:47:56.186  INFO 12292 --- [    Test worker] o.s.s.web.DefaultSecurityFilterChain     : Creating filter chain: Ant [pattern='/css/**'], []
2016-09-01 19:47:56.189  INFO 12292 --- [    Test worker] o.s.s.web.DefaultSecurityFilterChain     : Creating filter chain: Ant [pattern='/js/**'], []
2016-09-01 19:47:56.190  INFO 12292 --- [    Test worker] o.s.s.web.DefaultSecurityFilterChain     : Creating filter chain: Ant [pattern='/images/**'], []
2016-09-01 19:47:56.192  INFO 12292 --- [    Test worker] o.s.s.web.DefaultSecurityFilterChain     : Creating filter chain: Ant [pattern='/webjars/**'], []
2016-09-01 19:47:56.193  INFO 12292 --- [    Test worker] o.s.s.web.DefaultSecurityFilterChain     : Creating filter chain: Ant [pattern='/**/favicon.ico'], []
2016-09-01 19:47:56.194  INFO 12292 --- [    Test worker] o.s.s.web.DefaultSecurityFilterChain     : Creating filter chain: Ant [pattern='/error'], []
2016-09-01 19:47:56.874  INFO 12292 --- [    Test worker] o.s.s.web.DefaultSecurityFilterChain     : Creating filter chain: OrRequestMatcher [requestMatchers=[Ant [pattern='/**']]], [org.springframework.security.web.context.request.async.WebAsyncManagerIntegrationFilter@5d347ee0, org.springframework.security.web.context.SecurityContextPersistenceFilter@3e99fda4, org.springframework.security.web.header.HeaderWriterFilter@74abd0f5, org.springframework.security.web.authentication.logout.LogoutFilter@56cb031a, org.springframework.security.web.authentication.www.BasicAuthenticationFilter@1424399d, org.springframework.security.web.savedrequest.RequestCacheAwareFilter@686cab77, org.springframework.security.web.servletapi.SecurityContextHolderAwareRequestFilter@7b1c55a3, org.springframework.security.web.authentication.AnonymousAuthenticationFilter@2042d883, org.springframework.security.web.session.SessionManagementFilter@fd0395b, org.springframework.security.web.access.ExceptionTranslationFilter@1252faf2, org.springframework.security.web.access.intercept.FilterSecurityInterceptor@29ec6430]
2016-09-01 19:47:58.253  INFO 12292 --- [    Test worker] c.s.p.ProjectUknownApplicationTests      : Started ProjectUknownApplicationTests in 29.935 seconds (JVM running for 33.953)
]]></system-out>
  <system-err><![CDATA[]]></system-err>
</testsuite>
